
Showing logs for build [32mcb-kubecd-environment-pr-178-16-b98js-1[0m stage [32mfrom-build-pack[0m and container [32mstep-credential-initializer-kmzx7[0m
{"level":"warn","ts":1583887392.6719842,"logger":"fallback-logger","caller":"logging/config.go:69","msg":"Fetch GitHub commit ID from kodata failed: \"ref: refs/heads/0.8.0-**-support-backwards-incompats\" is not a valid GitHub commit ID"}
{"level":"info","ts":1583887392.673433,"logger":"fallback-logger","caller":"creds-init/main.go:40","msg":"Credentials initialized."}

Showing logs for build [32mcb-kubecd-environment-pr-178-16-b98js-1[0m stage [32mfrom-build-pack[0m and container [32mstep-working-dir-initializer-b7mf6[0m
{"level":"warn","ts":1583887393.2246099,"logger":"fallback-logger","caller":"logging/config.go:69","msg":"Fetch GitHub commit ID from kodata failed: open /var/run/ko/HEAD: no such file or directory"}
{"level":"info","ts":1583887393.2270029,"logger":"fallback-logger","caller":"bash/main.go:64","msg":"Successfully executed command \"sh -c mkdir -p /workspace/source\"; output "}

Showing logs for build [32mcb-kubecd-environment-pr-178-16-b98js-1[0m stage [32mfrom-build-pack[0m and container [32mstep-place-tools[0m

Showing logs for build [32mcb-kubecd-environment-pr-178-16-b98js-1[0m stage [32mfrom-build-pack[0m and container [32mstep-git-source-cb-kubecd-environment-pr-178-16-b98js-k6m4j[0m
{"level":"warn","ts":1583887419.3321352,"logger":"fallback-logger","caller":"logging/config.go:69","msg":"Fetch GitHub commit ID from kodata failed: \"ref: refs/heads/0.8.0-**-support-backwards-incompats\" is not a valid GitHub commit ID"}
{"level":"info","ts":1583887420.4236112,"logger":"fallback-logger","caller":"git/git.go:103","msg":"Successfully cloned https://github.com/cb-kubecd/environment-pr-178-16-gke-upgrade-staging.git @ master in path /workspace/source"}

Showing logs for build [32mcb-kubecd-environment-pr-178-16-b98js-1[0m stage [32mfrom-build-pack[0m and container [32mstep-git-merge[0m
Using SHAs from PULL_REFS=master:eaf471bb0d8740a2434f03b8fc19461b71e479d8,1:d6002c35a5928572dd6fd177abc9fb2643484a84
DEBUG: LC_ALL=C JX_LOG_LEVEL=error git fetch origin --unshallow d6002c35a5928572dd6fd177abc9fb2643484a84: eaf471bb0d8740a2434f03b8fc19461b71e479d8:
DEBUG: ran git fetch --unshallow origin d6002c35a5928572dd6fd177abc9fb2643484a84: eaf471bb0d8740a2434f03b8fc19461b71e479d8: in 
DEBUG: JX_LOG_LEVEL=error LC_ALL=C git branch
DEBUG: LC_ALL=C JX_LOG_LEVEL=error git checkout master
DEBUG: ran git checkout master in 
DEBUG: LC_ALL=C JX_LOG_LEVEL=error git reset --hard eaf471bb0d8740a2434f03b8fc19461b71e479d8
DEBUG: ran git reset --hard eaf471bb0d8740a2434f03b8fc19461b71e479d8 in 
DEBUG: LC_ALL=C JX_LOG_LEVEL=error git clean -fd .
DEBUG: ran clean --force -d . in 
DEBUG: LC_ALL=C JX_LOG_LEVEL=error git merge d6002c35a5928572dd6fd177abc9fb2643484a84
DEBUG: ran git merge d6002c35a5928572dd6fd177abc9fb2643484a84 in 
DEBUG: LC_ALL=C JX_LOG_LEVEL=error git log --format=%H%x1f%an%x1f%ae%x1f%cn%x1f%ce%x1f%s%n%b%x1e eaf471bb0d8740a2434f03b8fc19461b71e479d8..HEAD
Merged SHA d6002c35a5928572dd6fd177abc9fb2643484a84 with commit message 'chore: Promote bdd-spring-1583887096 to version 0.0.1' into base branch master

Showing logs for build [32mcb-kubecd-environment-pr-178-16-b98js-1[0m stage [32mfrom-build-pack[0m and container [32mstep-build-helm-build[0m
WARNING: No $CHART_REPOSITORY defined so using the default value of: http://jenkins-x-chartmuseum:8080
Adding missing Helm repo: storage.googleapis.com https://storage.googleapis.com/chartmuseum.jenkins-x.io
WARNING: No secrets found on "helm/repos" due: reading the secret "helm/repos" from vault: no secret "helm/repos" not found in vault
Read credentials for https://storage.googleapis.com/chartmuseum.jenkins-x.io from vault helm/repos
Successfully added Helm repository storage.googleapis.com.
Adding missing Helm repo: jenkins-x-chartmuseum http://jenkins-x-chartmuseum:8080
WARNING: No secrets found on "helm/repos" due: reading the secret "helm/repos" from vault: no secret "helm/repos" not found in vault
Read credentials for http://jenkins-x-chartmuseum:8080 from vault helm/repos
Successfully added Helm repository jenkins-x-chartmuseum.
WARNING: No $CHART_REPOSITORY defined so using the default value of: http://jenkins-x-chartmuseum:8080
Adding missing Helm repo: chartmuseum.jenkins-x.io http://chartmuseum.jenkins-x.io
WARNING: No secrets found on "helm/repos" due: reading the secret "helm/repos" from vault: no secret "helm/repos" not found in vault
Read credentials for http://chartmuseum.jenkins-x.io from vault helm/repos
Successfully added Helm repository chartmuseum.jenkins-x.io.
